<?xml version="1.0" encoding="UTF-8"?>
<!-- Generated by org.testng.reporters.JUnitReportReporter -->
<testsuite hostname="Shobana" failures="0" tests="1" name="com.runner.TestNGRunner" time="0.217" errors="1" timestamp="2026-05-05T21:56:30 IST" skipped="0">
  <testcase classname="com.runner.TestNGRunner" name="runScenario" time="0.217">
    <error message="The step &#039;User should be on Home page of login&#039; and 1 other step(s) are undefined.
You can implement these steps using the snippet(s) below:

@Given(&quot;User should be on Home page of login&quot;)
public void user_should_be_on_home_page_of_login() {
    // Write code here that turns the phrase above into concrete actions
    throw new io.cucumber.java.PendingException();
}
@Then(&quot;user enter invalid input and assert&quot;)
public void user_enter_invalid_input_and_assert(io.cucumber.datatable.DataTable dataTable) {
    // Write code here that turns the phrase above into concrete actions
    // For automatic transformation, change DataTable to one of
    // E, List&lt;E&gt;, List&lt;List&lt;E&gt;&gt;, List&lt;Map&lt;K,V&gt;&gt;, Map&lt;K,V&gt; or
    // Map&lt;K, List&lt;V&gt;&gt;. E,K,V must be a String, Integer, Float,
    // Double, Byte, Short, Long, BigInteger or BigDecimal.
    //
    // For other transformations you can register a DataTableType.
    throw new io.cucumber.java.PendingException();
}
" type="io.cucumber.testng.UndefinedStepException">
      <![CDATA[io.cucumber.testng.UndefinedStepException: The step 'User should be on Home page of login' and 1 other step(s) are undefined.
You can implement these steps using the snippet(s) below:

@Given("User should be on Home page of login")
public void user_should_be_on_home_page_of_login() {
    // Write code here that turns the phrase above into concrete actions
    throw new io.cucumber.java.PendingException();
}
@Then("user enter invalid input and assert")
public void user_enter_invalid_input_and_assert(io.cucumber.datatable.DataTable dataTable) {
    // Write code here that turns the phrase above into concrete actions
    // For automatic transformation, change DataTable to one of
    // E, List<E>, List<List<E>>, List<Map<K,V>>, Map<K,V> or
    // Map<K, List<V>>. E,K,V must be a String, Integer, Float,
    // Double, Byte, Short, Long, BigInteger or BigDecimal.
    //
    // For other transformations you can register a DataTableType.
    throw new io.cucumber.java.PendingException();
}

at ✽.User should be on Home page of login(file:///C:/Users/Hp/OneDrive/Desktop/Expleo%20Training/JavaPractice_DailyWorkout/cucumber_demo/src/test/resources/com/features/loginwithdatatableusingheader.feature:6)
]]>
    </error>
  </testcase> <!-- runScenario -->
</testsuite> <!-- com.runner.TestNGRunner -->
