<?xml version="1.0" encoding="UTF-8"?>
<!-- Generated by org.testng.reporters.JUnitReportReporter -->
<testsuite hostname="Shobana" failures="0" tests="3" name="com.runner.TestNGRunner" time="16.577" errors="0" timestamp="2026-05-04T20:35:12 IST" skipped="0">
  <testcase classname="com.runner.TestNGRunner" name="runScenario" time="5.015"/>
  <testcase classname="com.runner.TestNGRunner" name="runScenario" time="6.298"/>
  <testcase classname="com.runner.TestNGRunner" name="runScenario" time="5.264"/>
</testsuite> <!-- com.runner.TestNGRunner -->
