<?xml version="1.0" encoding="UTF-8"?>
<!-- Generated by org.testng.reporters.JUnitXMLReporter -->
<testsuite ignored="0" hostname="Shobana" failures="0" tests="3" name="Default test" time="14.582" errors="0" timestamp="2026-04-22T15:05:54 IST">
  <testcase classname="com.test.LoginTest" name="InvalidLogin" time="3.677"/>
  <testcase classname="com.test.LoginTest" name="InvalidLogin" time="3.912"/>
  <testcase classname="com.test.LoginTest" name="LoginValidation" time="4.564"/>
</testsuite> <!-- Default test -->
