<?xml version="1.0" encoding="UTF-8"?>
<testng-results ignored="0" total="3" passed="3" failed="0" skipped="0">
  <reporter-output>
  </reporter-output>
  <suite started-at="2026-04-22T15:05:39 IST" name="Default suite" finished-at="2026-04-22T15:05:54 IST" duration-ms="14582">
    <groups>
    </groups>
    <test started-at="2026-04-22T15:05:39 IST" name="Default test" finished-at="2026-04-22T15:05:54 IST" duration-ms="14582">
      <class name="com.test.LoginTest">
        <test-method is-config="true" signature="beforeMethod()[pri:0, instance:com.test.LoginTest@38aa816f]" started-at="2026-04-22T15:05:40 IST" name="beforeMethod" finished-at="2026-04-22T15:05:43 IST" duration-ms="2819" status="PASS">
          <reporter-output>
          </reporter-output>
        </test-method> <!-- beforeMethod -->
        <test-method is-config="true" signature="beforeMethod()[pri:0, instance:com.test.LoginTest@38aa816f]" started-at="2026-04-22T15:05:40 IST" name="beforeMethod" finished-at="2026-04-22T15:05:43 IST" duration-ms="2819" status="PASS">
          <reporter-output>
          </reporter-output>
        </test-method> <!-- beforeMethod -->
        <test-method signature="InvalidLogin(java.lang.String,java.lang.String)[pri:0, instance:com.test.LoginTest@38aa816f]" started-at="2026-04-22T15:05:43 IST" name="InvalidLogin" data-provider="InValidexcelData" finished-at="2026-04-22T15:05:47 IST" duration-ms="3677" status="PASS">
          <params>
            <param index="0">
              <value>
                <![CDATA[Shob]]>
              </value>
            </param>
            <param index="1">
              <value>
                <![CDATA[shobi11]]>
              </value>
            </param>
          </params>
          <reporter-output>
          </reporter-output>
        </test-method> <!-- InvalidLogin -->
        <test-method signature="InvalidLogin(java.lang.String,java.lang.String)[pri:0, instance:com.test.LoginTest@38aa816f]" started-at="2026-04-22T15:05:43 IST" name="InvalidLogin" data-provider="InValidexcelData" finished-at="2026-04-22T15:05:47 IST" duration-ms="3912" status="PASS">
          <params>
            <param index="0">
              <value>
                <![CDATA[Shobs]]>
              </value>
            </param>
            <param index="1">
              <value>
                <![CDATA[shobi]]>
              </value>
            </param>
          </params>
          <reporter-output>
          </reporter-output>
        </test-method> <!-- InvalidLogin -->
        <test-method is-config="true" signature="afterMethod()[pri:0, instance:com.test.LoginTest@38aa816f]" started-at="2026-04-22T15:05:47 IST" name="afterMethod" finished-at="2026-04-22T15:05:47 IST" duration-ms="334" status="PASS">
          <reporter-output>
          </reporter-output>
        </test-method> <!-- afterMethod -->
        <test-method is-config="true" signature="afterMethod()[pri:0, instance:com.test.LoginTest@38aa816f]" started-at="2026-04-22T15:05:47 IST" name="afterMethod" finished-at="2026-04-22T15:05:48 IST" duration-ms="310" status="PASS">
          <reporter-output>
          </reporter-output>
        </test-method> <!-- afterMethod -->
        <test-method is-config="true" signature="beforeMethod()[pri:0, instance:com.test.LoginTest@38aa816f]" started-at="2026-04-22T15:05:48 IST" name="beforeMethod" finished-at="2026-04-22T15:05:49 IST" duration-ms="1178" status="PASS">
          <reporter-output>
          </reporter-output>
        </test-method> <!-- beforeMethod -->
        <test-method signature="LoginValidation(java.lang.String,java.lang.String)[pri:0, instance:com.test.LoginTest@38aa816f]" started-at="2026-04-22T15:05:49 IST" name="LoginValidation" data-provider="ValidexcelData" finished-at="2026-04-22T15:05:53 IST" duration-ms="4564" status="PASS">
          <params>
            <param index="0">
              <value>
                <![CDATA[Shobs]]>
              </value>
            </param>
            <param index="1">
              <value>
                <![CDATA[shobi11]]>
              </value>
            </param>
          </params>
          <reporter-output>
          </reporter-output>
        </test-method> <!-- LoginValidation -->
        <test-method is-config="true" signature="afterMethod()[pri:0, instance:com.test.LoginTest@38aa816f]" started-at="2026-04-22T15:05:53 IST" name="afterMethod" finished-at="2026-04-22T15:05:54 IST" duration-ms="215" status="PASS">
          <reporter-output>
          </reporter-output>
        </test-method> <!-- afterMethod -->
      </class> <!-- com.test.LoginTest -->
    </test> <!-- Default test -->
  </suite> <!-- Default suite -->
</testng-results>
