<?xml version="1.0" encoding="UTF-8"?>
<!-- Generated by org.testng.reporters.JUnitXMLReporter -->
<testsuite ignored="0" hostname="Shobana" failures="3" tests="3" name="Test" time="8.031" errors="0" timestamp="2026-05-04T19:20:44 IST">
  <testcase classname="io.cucumber.testng.AbstractTestNGCucumberTests" name="runScenario" time="3.376">
    <failure type="io.cucumber.testng.UndefinedStepException" message="The step &amp;apos;User is on Home page&amp;apos; and 5 other step(s) are undefined.
You can implement these steps using the snippet(s) below:

@Given(&amp;quot;User is on Home page&amp;quot;)
public void user_is_on_home_page() {
    // Write code here that turns the phrase above into concrete actions
    throw new io.cucumber.java.PendingException();
}
@When(&amp;quot;User have to click login link&amp;quot;)
public void user_have_to_click_login_link() {
    // Write code here that turns the phrase above into concrete actions
    throw new io.cucumber.java.PendingException();
}
@When(&amp;quot;User enters valid username as {string}&amp;quot;)
public void user_enters_valid_username_as(String string) {
    // Write code here that turns the phrase above into concrete actions
    throw new io.cucumber.java.PendingException();
}
@When(&amp;quot;User enters valid password as {string}&amp;quot;)
public void user_enters_valid_password_as(String string) {
    // Write code here that turns the phrase above into concrete actions
    throw new io.cucumber.java.PendingException();
}
@When(&amp;quot;User clicks login button&amp;quot;)
public void user_clicks_login_button() {
    // Write code here that turns the phrase above into concrete actions
    throw new io.cucumber.java.PendingException();
}
@Then(&amp;quot;User should be able to login successfully and have to verify the name of user&amp;quot;)
public void user_should_be_able_to_login_successfully_and_have_to_verify_the_name_of_user() {
    // Write code here that turns the phrase above into concrete actions
    throw new io.cucumber.java.PendingException();
}
">
      <![CDATA[io.cucumber.testng.UndefinedStepException: The step 'User is on Home page' and 5 other step(s) are undefined.
You can implement these steps using the snippet(s) below:

@Given("User is on Home page")
public void user_is_on_home_page() {
    // Write code here that turns the phrase above into concrete actions
    throw new io.cucumber.java.PendingException();
}
@When("User have to click login link")
public void user_have_to_click_login_link() {
    // Write code here that turns the phrase above into concrete actions
    throw new io.cucumber.java.PendingException();
}
@When("User enters valid username as {string}")
public void user_enters_valid_username_as(String string) {
    // Write code here that turns the phrase above into concrete actions
    throw new io.cucumber.java.PendingException();
}
@When("User enters valid password as {string}")
public void user_enters_valid_password_as(String string) {
    // Write code here that turns the phrase above into concrete actions
    throw new io.cucumber.java.PendingException();
}
@When("User clicks login button")
public void user_clicks_login_button() {
    // Write code here that turns the phrase above into concrete actions
    throw new io.cucumber.java.PendingException();
}
@Then("User should be able to login successfully and have to verify the name of user")
public void user_should_be_able_to_login_successfully_and_have_to_verify_the_name_of_user() {
    // Write code here that turns the phrase above into concrete actions
    throw new io.cucumber.java.PendingException();
}

at ✽.User is on Home page(file:///C:/Users/Hp/OneDrive/Desktop/Expleo%20Training/cucumber_demo/src/test/resources/com/features/Login.feature:5)
]]>
    </failure>
  </testcase> <!-- runScenario -->
  <testcase classname="io.cucumber.testng.AbstractTestNGCucumberTests" name="runScenario" time="1.394">
    <failure type="io.cucumber.testng.UndefinedStepException" message="The step &amp;apos;User is on Home page&amp;apos; and 5 other step(s) are undefined.
You can implement these steps using the snippet(s) below:

@Given(&amp;quot;User is on Home page&amp;quot;)
public void user_is_on_home_page() {
    // Write code here that turns the phrase above into concrete actions
    throw new io.cucumber.java.PendingException();
}
@When(&amp;quot;User have to click login link&amp;quot;)
public void user_have_to_click_login_link() {
    // Write code here that turns the phrase above into concrete actions
    throw new io.cucumber.java.PendingException();
}
@When(&amp;quot;User enters invalid username as {string}&amp;quot;)
public void user_enters_invalid_username_as(String string) {
    // Write code here that turns the phrase above into concrete actions
    throw new io.cucumber.java.PendingException();
}
@When(&amp;quot;User enters password as {string}&amp;quot;)
public void user_enters_password_as(String string) {
    // Write code here that turns the phrase above into concrete actions
    throw new io.cucumber.java.PendingException();
}
@When(&amp;quot;User clicks login button&amp;quot;)
public void user_clicks_login_button() {
    // Write code here that turns the phrase above into concrete actions
    throw new io.cucumber.java.PendingException();
}
@Then(&amp;quot;User should not be able to login successfully and have the alert message as wrong username&amp;quot;)
public void user_should_not_be_able_to_login_successfully_and_have_the_alert_message_as_wrong_username() {
    // Write code here that turns the phrase above into concrete actions
    throw new io.cucumber.java.PendingException();
}
">
      <![CDATA[io.cucumber.testng.UndefinedStepException: The step 'User is on Home page' and 5 other step(s) are undefined.
You can implement these steps using the snippet(s) below:

@Given("User is on Home page")
public void user_is_on_home_page() {
    // Write code here that turns the phrase above into concrete actions
    throw new io.cucumber.java.PendingException();
}
@When("User have to click login link")
public void user_have_to_click_login_link() {
    // Write code here that turns the phrase above into concrete actions
    throw new io.cucumber.java.PendingException();
}
@When("User enters invalid username as {string}")
public void user_enters_invalid_username_as(String string) {
    // Write code here that turns the phrase above into concrete actions
    throw new io.cucumber.java.PendingException();
}
@When("User enters password as {string}")
public void user_enters_password_as(String string) {
    // Write code here that turns the phrase above into concrete actions
    throw new io.cucumber.java.PendingException();
}
@When("User clicks login button")
public void user_clicks_login_button() {
    // Write code here that turns the phrase above into concrete actions
    throw new io.cucumber.java.PendingException();
}
@Then("User should not be able to login successfully and have the alert message as wrong username")
public void user_should_not_be_able_to_login_successfully_and_have_the_alert_message_as_wrong_username() {
    // Write code here that turns the phrase above into concrete actions
    throw new io.cucumber.java.PendingException();
}

at ✽.User is on Home page(file:///C:/Users/Hp/OneDrive/Desktop/Expleo%20Training/cucumber_demo/src/test/resources/com/features/Login.feature:5)
]]>
    </failure>
  </testcase> <!-- runScenario -->
  <testcase classname="io.cucumber.testng.AbstractTestNGCucumberTests" name="runScenario" time="1.727">
    <failure type="io.cucumber.testng.UndefinedStepException" message="The step &amp;apos;User is on Home page&amp;apos; and 5 other step(s) are undefined.
You can implement these steps using the snippet(s) below:

@Given(&amp;quot;User is on Home page&amp;quot;)
public void user_is_on_home_page() {
    // Write code here that turns the phrase above into concrete actions
    throw new io.cucumber.java.PendingException();
}
@When(&amp;quot;User have to click login link&amp;quot;)
public void user_have_to_click_login_link() {
    // Write code here that turns the phrase above into concrete actions
    throw new io.cucumber.java.PendingException();
}
@When(&amp;quot;User enters username as {string}&amp;quot;)
public void user_enters_username_as(String string) {
    // Write code here that turns the phrase above into concrete actions
    throw new io.cucumber.java.PendingException();
}
@When(&amp;quot;User enters invalid password as {string}&amp;quot;)
public void user_enters_invalid_password_as(String string) {
    // Write code here that turns the phrase above into concrete actions
    throw new io.cucumber.java.PendingException();
}
@When(&amp;quot;User clicks login button&amp;quot;)
public void user_clicks_login_button() {
    // Write code here that turns the phrase above into concrete actions
    throw new io.cucumber.java.PendingException();
}
@Then(&amp;quot;User should not be able to login into application successfully and have the alert message as wrong password&amp;quot;)
public void user_should_not_be_able_to_login_into_application_successfully_and_have_the_alert_message_as_wrong_password() {
    // Write code here that turns the phrase above into concrete actions
    throw new io.cucumber.java.PendingException();
}
">
      <![CDATA[io.cucumber.testng.UndefinedStepException: The step 'User is on Home page' and 5 other step(s) are undefined.
You can implement these steps using the snippet(s) below:

@Given("User is on Home page")
public void user_is_on_home_page() {
    // Write code here that turns the phrase above into concrete actions
    throw new io.cucumber.java.PendingException();
}
@When("User have to click login link")
public void user_have_to_click_login_link() {
    // Write code here that turns the phrase above into concrete actions
    throw new io.cucumber.java.PendingException();
}
@When("User enters username as {string}")
public void user_enters_username_as(String string) {
    // Write code here that turns the phrase above into concrete actions
    throw new io.cucumber.java.PendingException();
}
@When("User enters invalid password as {string}")
public void user_enters_invalid_password_as(String string) {
    // Write code here that turns the phrase above into concrete actions
    throw new io.cucumber.java.PendingException();
}
@When("User clicks login button")
public void user_clicks_login_button() {
    // Write code here that turns the phrase above into concrete actions
    throw new io.cucumber.java.PendingException();
}
@Then("User should not be able to login into application successfully and have the alert message as wrong password")
public void user_should_not_be_able_to_login_into_application_successfully_and_have_the_alert_message_as_wrong_password() {
    // Write code here that turns the phrase above into concrete actions
    throw new io.cucumber.java.PendingException();
}

at ✽.User is on Home page(file:///C:/Users/Hp/OneDrive/Desktop/Expleo%20Training/cucumber_demo/src/test/resources/com/features/Login.feature:5)
]]>
    </failure>
  </testcase> <!-- runScenario -->
</testsuite> <!-- Test -->
