<?xml version="1.0" encoding="UTF-8"?>
<testng-results ignored="0" total="1" passed="1" failed="0" skipped="0">
  <reporter-output>
  </reporter-output>
  <suite started-at="2026-04-28T10:38:04 IST" name="Default suite" finished-at="2026-04-28T10:38:09 IST" duration-ms="5266">
    <groups>
    </groups>
    <test started-at="2026-04-28T10:38:04 IST" name="Default test" finished-at="2026-04-28T10:38:09 IST" duration-ms="5266">
      <class name="com.tests.demotest">
        <test-method is-config="true" signature="beforeTest()[pri:0, instance:com.tests.demotest@2b72cb8a]" started-at="2026-04-28T10:38:04 IST" name="beforeTest" finished-at="2026-04-28T10:38:07 IST" duration-ms="2797" status="PASS">
          <reporter-output>
          </reporter-output>
        </test-method> <!-- beforeTest -->
        <test-method signature="loginTest()[pri:0, instance:com.tests.demotest@2b72cb8a]" started-at="2026-04-28T10:38:07 IST" name="loginTest" finished-at="2026-04-28T10:38:09 IST" duration-ms="2241" status="PASS">
          <reporter-output>
          </reporter-output>
        </test-method> <!-- loginTest -->
        <test-method is-config="true" signature="afterTest()[pri:0, instance:com.tests.demotest@2b72cb8a]" started-at="2026-04-28T10:38:09 IST" name="afterTest" finished-at="2026-04-28T10:38:09 IST" duration-ms="179" status="PASS">
          <reporter-output>
          </reporter-output>
        </test-method> <!-- afterTest -->
      </class> <!-- com.tests.demotest -->
    </test> <!-- Default test -->
  </suite> <!-- Default suite -->
</testng-results>
