<?xml version="1.0" encoding="UTF-8"?>
<testng-results ignored="0" total="1" passed="1" failed="0" skipped="0">
  <reporter-output>
  </reporter-output>
  <suite started-at="2026-04-28T10:46:16 IST" name="Default suite" finished-at="2026-04-28T10:46:21 IST" duration-ms="5036">
    <groups>
    </groups>
    <test started-at="2026-04-28T10:46:16 IST" name="Default test" finished-at="2026-04-28T10:46:21 IST" duration-ms="5036">
      <class name="com.tests.demotest">
        <test-method is-config="true" signature="beforeTest()[pri:0, instance:com.tests.demotest@6f63b475]" started-at="2026-04-28T10:46:16 IST" name="beforeTest" finished-at="2026-04-28T10:46:18 IST" duration-ms="2635" status="PASS">
          <reporter-output>
          </reporter-output>
        </test-method> <!-- beforeTest -->
        <test-method signature="loginTest()[pri:0, instance:com.tests.demotest@6f63b475]" started-at="2026-04-28T10:46:18 IST" name="loginTest" finished-at="2026-04-28T10:46:21 IST" duration-ms="2173" status="PASS">
          <reporter-output>
          </reporter-output>
        </test-method> <!-- loginTest -->
        <test-method is-config="true" signature="afterTest()[pri:0, instance:com.tests.demotest@6f63b475]" started-at="2026-04-28T10:46:21 IST" name="afterTest" finished-at="2026-04-28T10:46:21 IST" duration-ms="170" status="PASS">
          <reporter-output>
          </reporter-output>
        </test-method> <!-- afterTest -->
      </class> <!-- com.tests.demotest -->
    </test> <!-- Default test -->
  </suite> <!-- Default suite -->
</testng-results>
