<?xml version="1.0" encoding="UTF-8"?>
<testng-results ignored="0" total="1" passed="1" failed="0" skipped="0">
  <reporter-output>
  </reporter-output>
  <suite started-at="2026-05-05T22:02:59 IST" name="Default suite" finished-at="2026-05-05T22:03:07 IST" duration-ms="7733">
    <groups>
      <group name="cucumber">
        <method signature="AbstractTestNGCucumberTests.runScenario(io.cucumber.testng.PickleWrapper,io.cucumber.testng.FeatureWrapper)[pri:0, instance:com.runner.TestNGRunner@68e5eea7]" name="runScenario" class="io.cucumber.testng.AbstractTestNGCucumberTests"/>
      </group> <!-- cucumber -->
    </groups>
    <test started-at="2026-05-05T22:02:59 IST" name="Default test" finished-at="2026-05-05T22:03:07 IST" duration-ms="7733">
      <class name="com.runner.TestNGRunner">
        <test-method is-config="true" signature="setUpClass(org.testng.ITestContext)[pri:0, instance:com.runner.TestNGRunner@68e5eea7]" started-at="2026-05-05T22:02:59 IST" name="setUpClass" finished-at="2026-05-05T22:03:00 IST" duration-ms="1293" status="PASS">
          <params>
            <param index="0">
              <value>
                <![CDATA[org.testng.TestRunner@444cc791]]>
              </value>
            </param>
          </params>
          <reporter-output>
          </reporter-output>
        </test-method> <!-- setUpClass -->
        <test-method signature="runScenario(io.cucumber.testng.PickleWrapper,io.cucumber.testng.FeatureWrapper)[pri:0, instance:com.runner.TestNGRunner@68e5eea7]" started-at="2026-05-05T22:03:00 IST" name="runScenario" description="Runs Cucumber Scenarios" data-provider="scenarios" finished-at="2026-05-05T22:03:07 IST" duration-ms="6296" status="PASS">
          <params>
            <param index="0">
              <value>
                <![CDATA["Login to the tutarialsNinja website"]]>
              </value>
            </param>
            <param index="1">
              <value>
                <![CDATA["Login to the TutorialsNinja website"]]>
              </value>
            </param>
          </params>
          <reporter-output>
          </reporter-output>
        </test-method> <!-- runScenario -->
        <test-method is-config="true" signature="tearDownClass()[pri:0, instance:com.runner.TestNGRunner@68e5eea7]" started-at="2026-05-05T22:03:07 IST" name="tearDownClass" finished-at="2026-05-05T22:03:07 IST" duration-ms="46" status="PASS">
          <reporter-output>
          </reporter-output>
        </test-method> <!-- tearDownClass -->
      </class> <!-- com.runner.TestNGRunner -->
    </test> <!-- Default test -->
  </suite> <!-- Default suite -->
</testng-results>
