<?xml version="1.0" encoding="UTF-8"?>
<!-- Generated by org.testng.reporters.JUnitXMLReporter -->
<testsuite ignored="0" hostname="Shobana" failures="0" tests="3" name="Test" time="18.852" errors="0" timestamp="2026-04-21T23:10:28 IST">
  <testcase classname="com.testing.ParameterizationDemo" name="validLogin" time="3.747"/>
  <testcase classname="com.testing.ParameterizationDemo" name="invalidUsername" time="1.942"/>
  <testcase classname="com.testing.ParameterizationDemo" name="invalidLoginWrongPassword" time="1.878"/>
</testsuite> <!-- Test -->
