<?xml version="1.0" encoding="UTF-8"?>
<!-- Generated by org.testng.reporters.JUnitXMLReporter -->
<testsuite ignored="0" hostname="Shobana" failures="0" tests="3" name="Default test" time="26.722" errors="0" timestamp="2026-04-29T12:39:52 IST">
  <testcase classname="com.tests.LoginTest" name="invalidLogin" time="3.037"/>
  <testcase classname="com.tests.LoginTest" name="loginTest" time="0.527"/>
  <testcase classname="com.tests.LoginTest" name="validLogin" time="2.547"/>
</testsuite> <!-- Default test -->
