<?xml version="1.0" encoding="UTF-8"?>
<!-- Generated by org.testng.reporters.JUnitReportReporter -->
<testsuite hostname="Shobana" failures="0" tests="3" name="com.test.LoginTest" time="19.828" errors="0" timestamp="2026-04-22T15:05:54 IST" skipped="0">
  <testcase classname="com.test.LoginTest" name="InvalidLogin" time="6.830"/>
  <testcase classname="com.test.LoginTest" name="LoginValidation" time="7.693"/>
  <testcase classname="com.test.LoginTest" name="InvalidLogin" time="5.305"/>
</testsuite> <!-- com.test.LoginTest -->
