<?xml version="1.0" encoding="UTF-8"?>
<testng-results ignored="0" total="2" passed="2" failed="0" skipped="0">
  <reporter-output>
  </reporter-output>
  <suite started-at="2026-04-28T14:40:56 IST" name="Suite" finished-at="2026-04-28T14:41:20 IST" duration-ms="24019">
    <groups>
    </groups>
    <test started-at="2026-04-28T14:40:56 IST" name="Test" finished-at="2026-04-28T14:41:20 IST" duration-ms="24019">
      <class name="com.tests.DashboardTest">
        <test-method is-config="true" signature="setup()[pri:0, instance:com.tests.DashboardTest@41a2befb]" started-at="2026-04-28T14:41:09 IST" name="setup" finished-at="2026-04-28T14:41:14 IST" duration-ms="5867" status="PASS">
          <reporter-output>
          </reporter-output>
        </test-method> <!-- setup -->
        <test-method signature="dashboardTest()[pri:0, instance:com.tests.DashboardTest@41a2befb]" started-at="2026-04-28T14:41:14 IST" name="dashboardTest" finished-at="2026-04-28T14:41:20 IST" duration-ms="5192" status="PASS">
          <reporter-output>
          </reporter-output>
        </test-method> <!-- dashboardTest -->
        <test-method is-config="true" signature="close()[pri:0, instance:com.tests.DashboardTest@41a2befb]" started-at="2026-04-28T14:41:20 IST" name="close" finished-at="2026-04-28T14:41:20 IST" duration-ms="112" status="PASS">
          <reporter-output>
          </reporter-output>
        </test-method> <!-- close -->
      </class> <!-- com.tests.DashboardTest -->
      <class name="com.tests.LoginTest">
        <test-method is-config="true" signature="setup()[pri:0, instance:com.tests.LoginTest@1e800aaa]" started-at="2026-04-28T14:40:56 IST" name="setup" finished-at="2026-04-28T14:41:07 IST" duration-ms="11247" status="PASS">
          <reporter-output>
          </reporter-output>
        </test-method> <!-- setup -->
        <test-method signature="loginTest()[pri:0, instance:com.tests.LoginTest@1e800aaa]" started-at="2026-04-28T14:41:07 IST" name="loginTest" finished-at="2026-04-28T14:41:08 IST" duration-ms="1385" status="PASS">
          <reporter-output>
          </reporter-output>
        </test-method> <!-- loginTest -->
        <test-method is-config="true" signature="close()[pri:0, instance:com.tests.LoginTest@1e800aaa]" started-at="2026-04-28T14:41:08 IST" name="close" finished-at="2026-04-28T14:41:09 IST" duration-ms="117" status="PASS">
          <reporter-output>
          </reporter-output>
        </test-method> <!-- close -->
      </class> <!-- com.tests.LoginTest -->
    </test> <!-- Test -->
  </suite> <!-- Suite -->
</testng-results>
