<?xml version="1.0" encoding="UTF-8"?>
<!-- Generated by org.testng.reporters.JUnitReportReporter -->
<testsuite hostname="Shobana" failures="0" tests="3" name="com.testing.priority" time="0.040" errors="0" timestamp="2026-04-17T10:58:14 IST" skipped="0">
  <testcase classname="com.testing.priority" name="h" time="0.031"/>
  <testcase classname="com.testing.priority" name="g" time="0.004"/>
  <testcase classname="com.testing.priority" name="f" time="0.005"/>
</testsuite> <!-- com.testing.priority -->
