<?xml version="1.0" encoding="UTF-8"?>
<!-- Generated by org.testng.reporters.JUnitReportReporter -->
<testsuite hostname="Shobana" failures="0" tests="3" name="com.testing.DataProviderDemo3" time="37.467" errors="0" timestamp="2026-04-20T15:54:28 IST" skipped="0">
  <testcase classname="com.testing.DataProviderDemo3" name="search" time="12.571"/>
  <testcase classname="com.testing.DataProviderDemo3" name="search" time="12.385"/>
  <testcase classname="com.testing.DataProviderDemo3" name="search" time="12.511"/>
</testsuite> <!-- com.testing.DataProviderDemo3 -->
