<?xml version="1.0" encoding="UTF-8"?>
<!-- Generated by org.testng.reporters.JUnitReportReporter -->
<testsuite hostname="Shobana" failures="0" tests="3" name="com.testing.ParameterizationDemo" time="18.690" errors="0" timestamp="2026-04-21T23:10:29 IST" skipped="0">
  <testcase classname="com.testing.ParameterizationDemo" name="validLogin" time="7.088"/>
  <testcase classname="com.testing.ParameterizationDemo" name="invalidUsername" time="5.206"/>
  <testcase classname="com.testing.ParameterizationDemo" name="invalidLoginWrongPassword" time="6.396"/>
</testsuite> <!-- com.testing.ParameterizationDemo -->
