<?xml version="1.0" encoding="UTF-8"?>
<!-- Generated by org.testng.reporters.JUnitReportReporter -->
<testsuite hostname="Shobana" failures="0" tests="3" name="com.testing.DataProviderDemo2" time="11.326" errors="0" timestamp="2026-04-20T15:07:15 IST" skipped="0">
  <testcase classname="com.testing.DataProviderDemo2" name="search" time="3.448"/>
  <testcase classname="com.testing.DataProviderDemo2" name="search" time="4.868"/>
  <testcase classname="com.testing.DataProviderDemo2" name="search" time="3.010"/>
</testsuite> <!-- com.testing.DataProviderDemo2 -->
