<?xml version="1.0" encoding="UTF-8"?>
<!-- Generated by org.testng.reporters.JUnitReportReporter -->
<testsuite hostname="Shobana" failures="0" tests="3" name="com.testing.dependsOnMethods_demo" time="12.130" errors="0" timestamp="2026-04-17T10:56:32 IST" skipped="0">
  <testcase classname="com.testing.dependsOnMethods_demo" name="invalid" time="5.667"/>
  <testcase classname="com.testing.dependsOnMethods_demo" name="invalid2" time="3.015"/>
  <testcase classname="com.testing.dependsOnMethods_demo" name="loginTest" time="3.448"/>
</testsuite> <!-- com.testing.dependsOnMethods_demo -->
