<?xml version="1.0" encoding="UTF-8"?>
<!-- Generated by org.testng.reporters.JUnitReportReporter -->
<testsuite hostname="Shobana" failures="0" tests="3" name="com.testing.SoftAssertDemo" time="23.465" errors="0" timestamp="2026-04-18T22:06:25 IST" skipped="0">
  <testcase classname="com.testing.SoftAssertDemo" name="invalidpassword" time="6.124"/>
  <testcase classname="com.testing.SoftAssertDemo" name="validation" time="8.154"/>
  <testcase classname="com.testing.SoftAssertDemo" name="invalidusername" time="9.187"/>
</testsuite> <!-- com.testing.SoftAssertDemo -->
