<?xml version="1.0" encoding="UTF-8"?>
<!-- Generated by org.testng.reporters.JUnitReportReporter -->
<testsuite hostname="Shobana" failures="0" tests="4" name="com.testing.NewTest_priorityenableused_Demo" time="13.407" errors="0" timestamp="2026-04-17T12:11:08 IST" skipped="0">
  <testcase classname="com.testing.NewTest_priorityenableused_Demo" name="invalid" time="2.604"/>
  <testcase classname="com.testing.NewTest_priorityenableused_Demo" name="loginTest" time="2.833"/>
  <testcase classname="com.testing.NewTest_priorityenableused_Demo" name="invalid2" time="5.373"/>
  <testcase classname="com.testing.NewTest_priorityenableused_Demo" name="depentTest" time="2.597"/>
</testsuite> <!-- com.testing.NewTest_priorityenableused_Demo -->
