<?xml version="1.0" encoding="UTF-8"?>
<!-- Generated by org.testng.reporters.JUnitXMLReporter -->
<testsuite ignored="0" hostname="Shobana" failures="1" tests="1" name="Test" time="1.541" errors="0" timestamp="2026-04-29T14:29:11 IST">
  <testcase classname="com.tests.LoginTest" name="invalidLogin" time="1.462">
    <failure type="org.testng.internal.reflect.MethodMatcherException" message="
[public void com.tests.LoginTest.invalidLogin(java.lang.String,java.lang.String,java.lang.String)] has no parameters defined but was found to be using a data provider (either explicitly specified or inherited from class level annotation).
Data provider mismatch
Method: invalidLogin([java.lang.String arg0, java.lang.String arg1, java.lang.String arg2])
Arguments: [(java.lang.String) Shobs,(java.lang.String) shobi1]">
      <![CDATA[org.testng.internal.reflect.MethodMatcherException: 
[public void com.tests.LoginTest.invalidLogin(java.lang.String,java.lang.String,java.lang.String)] has no parameters defined but was found to be using a data provider (either explicitly specified or inherited from class level annotation).
Data provider mismatch
Method: invalidLogin([java.lang.String arg0, java.lang.String arg1, java.lang.String arg2])
Arguments: [(java.lang.String) Shobs,(java.lang.String) shobi1]
at java.base/java.util.ArrayList.forEach(ArrayList.java:1597)
... Removed 22 stack frames]]>
    </failure>
  </testcase> <!-- invalidLogin -->
</testsuite> <!-- Test -->
