<?xml version="1.0" encoding="UTF-8"?>
<testng-results ignored="0" total="2" passed="1" failed="1" skipped="0">
  <reporter-output>
  </reporter-output>
  <suite started-at="2026-04-29T14:25:25 IST" name="Suite" finished-at="2026-04-29T14:25:37 IST" duration-ms="11145">
    <groups>
    </groups>
    <test started-at="2026-04-29T14:25:25 IST" name="Test" finished-at="2026-04-29T14:25:37 IST" duration-ms="11145">
      <class name="com.tests.LoginTest">
        <test-method is-config="true" signature="setup()[pri:0, instance:com.tests.LoginTest@5bf8fa12]" started-at="2026-04-29T14:25:27 IST" name="setup" finished-at="2026-04-29T14:25:30 IST" duration-ms="3353" status="PASS">
          <reporter-output>
          </reporter-output>
        </test-method> <!-- setup -->
        <test-method is-config="true" signature="setup()[pri:0, instance:com.tests.LoginTest@5bf8fa12]" started-at="2026-04-29T14:25:27 IST" name="setup" finished-at="2026-04-29T14:25:31 IST" duration-ms="3524" status="PASS">
          <reporter-output>
          </reporter-output>
        </test-method> <!-- setup -->
        <test-method is-config="true" signature="init()[pri:0, instance:com.tests.LoginTest@5bf8fa12]" started-at="2026-04-29T14:25:30 IST" name="init" finished-at="2026-04-29T14:25:31 IST" duration-ms="147" status="PASS">
          <reporter-output>
          </reporter-output>
        </test-method> <!-- init -->
        <test-method signature="invalidLogin(java.lang.String,java.lang.String)[pri:0, instance:com.tests.LoginTest@5bf8fa12]" started-at="2026-04-29T14:25:31 IST" name="invalidLogin" data-provider="InValidexcelData" finished-at="2026-04-29T14:25:34 IST" duration-ms="3021" status="FAIL">
          <params>
            <param index="0">
              <value>
                <![CDATA[Shobs]]>
              </value>
            </param>
            <param index="1">
              <value>
                <![CDATA[shobi1]]>
              </value>
            </param>
          </params>
          <exception class="org.openqa.selenium.ElementClickInterceptedException">
            <message>
              <![CDATA[element click intercepted: Element <a class="nav-link" href="#" id="login2" data-toggle="modal" data-target="#logInModal" style="display: block;">...</a> is not clickable at point (1046, 37). Other element would receive the click: <div class="modal fade show" id="logInModal" tabindex="-1" role="dialog" aria-labelledby="logInModalLabel" style="display: block;">...</div>
  (Session info: chrome=147.0.7727.137)
Build info: version: '4.41.0', revision: '9fc754f'
System info: os.name: 'Windows 11', os.arch: 'amd64', os.version: '10.0', java.version: '23'
Driver info: org.openqa.selenium.chrome.ChromeDriver
Command: [f2dd128eef7a758b163c3dfb01c9a0ee, clickElement {id=f.401403AC9D60A9FFF487A255497F29CD.d.150B6C205041900C9F6310F327CFEEA5.e.44}]
Capabilities {acceptInsecureCerts: false, browserName: chrome, browserVersion: 147.0.7727.137, chrome: {chromedriverVersion: 147.0.7727.117 (474cc805edd..., userDataDir: C:\Users\Hp\AppData\Local\T...}, fedcm:accounts: true, goog:chromeOptions: {debuggerAddress: localhost:50869}, goog:processID: 15000, networkConnectionEnabled: false, pageLoadStrategy: normal, platformName: windows, proxy: Proxy(), se:cdp: ws://localhost:50869/devtoo..., se:cdpVersion: 147.0.7727.137, setWindowRect: true, strictFileInteractability: false, timeouts: {implicit: 0, pageLoad: 300000, script: 30000}, unhandledPromptBehavior: dismiss and notify, webauthn:extension:credBlob: true, webauthn:extension:largeBlob: true, webauthn:extension:minPinLength: true, webauthn:extension:prf: true, webauthn:virtualAuthenticators: true}
Element: [[ChromeDriver: chrome on windows (f2dd128eef7a758b163c3dfb01c9a0ee)] -> xpath: //a[text()="Log in"]]
Session ID: f2dd128eef7a758b163c3dfb01c9a0ee]]>
            </message>
            <full-stacktrace>
              <![CDATA[org.openqa.selenium.ElementClickInterceptedException: element click intercepted: Element <a class="nav-link" href="#" id="login2" data-toggle="modal" data-target="#logInModal" style="display: block;">...</a> is not clickable at point (1046, 37). Other element would receive the click: <div class="modal fade show" id="logInModal" tabindex="-1" role="dialog" aria-labelledby="logInModalLabel" style="display: block;">...</div>
  (Session info: chrome=147.0.7727.137)
Build info: version: '4.41.0', revision: '9fc754f'
System info: os.name: 'Windows 11', os.arch: 'amd64', os.version: '10.0', java.version: '23'
Driver info: org.openqa.selenium.chrome.ChromeDriver
Command: [f2dd128eef7a758b163c3dfb01c9a0ee, clickElement {id=f.401403AC9D60A9FFF487A255497F29CD.d.150B6C205041900C9F6310F327CFEEA5.e.44}]
Capabilities {acceptInsecureCerts: false, browserName: chrome, browserVersion: 147.0.7727.137, chrome: {chromedriverVersion: 147.0.7727.117 (474cc805edd..., userDataDir: C:\Users\Hp\AppData\Local\T...}, fedcm:accounts: true, goog:chromeOptions: {debuggerAddress: localhost:50869}, goog:processID: 15000, networkConnectionEnabled: false, pageLoadStrategy: normal, platformName: windows, proxy: Proxy(), se:cdp: ws://localhost:50869/devtoo..., se:cdpVersion: 147.0.7727.137, setWindowRect: true, strictFileInteractability: false, timeouts: {implicit: 0, pageLoad: 300000, script: 30000}, unhandledPromptBehavior: dismiss and notify, webauthn:extension:credBlob: true, webauthn:extension:largeBlob: true, webauthn:extension:minPinLength: true, webauthn:extension:prf: true, webauthn:virtualAuthenticators: true}
Element: [[ChromeDriver: chrome on windows (f2dd128eef7a758b163c3dfb01c9a0ee)] -> xpath: //a[text()="Log in"]]
Session ID: f2dd128eef7a758b163c3dfb01c9a0ee
at org.openqa.selenium.remote.ErrorCodec.decode(ErrorCodec.java:169)
at org.openqa.selenium.remote.codec.w3c.W3CHttpResponseCodec.decode(W3CHttpResponseCodec.java:142)
at org.openqa.selenium.remote.codec.w3c.W3CHttpResponseCodec.decode(W3CHttpResponseCodec.java:49)
at org.openqa.selenium.remote.HttpCommandExecutor.execute(HttpCommandExecutor.java:223)
at org.openqa.selenium.remote.service.DriverCommandExecutor.invokeExecute(DriverCommandExecutor.java:216)
at org.openqa.selenium.remote.service.DriverCommandExecutor.execute(DriverCommandExecutor.java:174)
at org.openqa.selenium.remote.RemoteWebDriver.execute(RemoteWebDriver.java:604)
at org.openqa.selenium.remote.RemoteWebElement.execute(RemoteWebElement.java:223)
at org.openqa.selenium.remote.RemoteWebElement.click(RemoteWebElement.java:76)
at java.base/jdk.internal.reflect.DirectMethodHandleAccessor.invoke(DirectMethodHandleAccessor.java:103)
at java.base/java.lang.reflect.Method.invoke(Method.java:580)
at org.openqa.selenium.support.pagefactory.internal.LocatingElementHandler.invoke(LocatingElementHandler.java:51)
at jdk.proxy2/jdk.proxy2.$Proxy32.click(Unknown Source)
at com.pages.LoginPage.clickLoginLink(LoginPage.java:36)
at com.pages.LoginPage.login(LoginPage.java:58)
at com.tests.LoginTest.invalidLogin(LoginTest.java:33)
at java.base/jdk.internal.reflect.DirectMethodHandleAccessor.invoke(DirectMethodHandleAccessor.java:103)
at java.base/java.lang.reflect.Method.invoke(Method.java:580)
at org.testng.internal.invokers.MethodInvocationHelper.invokeMethod(MethodInvocationHelper.java:141)
at org.testng.internal.invokers.TestInvoker.invokeMethod(TestInvoker.java:697)
at org.testng.internal.invokers.TestInvoker.invokeTestMethod(TestInvoker.java:230)
at org.testng.internal.invokers.TestMethodWithDataProviderMethodWorker.call(TestMethodWithDataProviderMethodWorker.java:81)
at org.testng.internal.thread.Async$AsyncTask.run(Async.java:34)
at java.base/java.util.concurrent.ThreadPoolExecutor.runWorker(ThreadPoolExecutor.java:1144)
at java.base/java.util.concurrent.ThreadPoolExecutor$Worker.run(ThreadPoolExecutor.java:642)
at java.base/java.lang.Thread.run(Thread.java:1575)
]]>
            </full-stacktrace>
          </exception> <!-- org.openqa.selenium.ElementClickInterceptedException -->
          <reporter-output>
          </reporter-output>
        </test-method> <!-- invalidLogin -->
        <test-method is-config="true" signature="init()[pri:0, instance:com.tests.LoginTest@5bf8fa12]" started-at="2026-04-29T14:25:31 IST" name="init" finished-at="2026-04-29T14:25:31 IST" duration-ms="2" status="PASS">
          <reporter-output>
          </reporter-output>
        </test-method> <!-- init -->
        <test-method signature="validLogin(java.lang.String,java.lang.String)[pri:0, instance:com.tests.LoginTest@5bf8fa12]" started-at="2026-04-29T14:25:31 IST" name="validLogin" data-provider="ValidexcelData" finished-at="2026-04-29T14:25:36 IST" duration-ms="5697" status="PASS">
          <params>
            <param index="0">
              <value>
                <![CDATA[Shobs]]>
              </value>
            </param>
            <param index="1">
              <value>
                <![CDATA[shobi11]]>
              </value>
            </param>
          </params>
          <reporter-output>
          </reporter-output>
        </test-method> <!-- validLogin -->
        <test-method is-config="true" signature="close()[pri:0, instance:com.tests.LoginTest@5bf8fa12]" started-at="2026-04-29T14:25:34 IST" name="close" finished-at="2026-04-29T14:25:34 IST" duration-ms="302" status="PASS">
          <reporter-output>
          </reporter-output>
        </test-method> <!-- close -->
        <test-method is-config="true" signature="close()[pri:0, instance:com.tests.LoginTest@5bf8fa12]" started-at="2026-04-29T14:25:36 IST" name="close" finished-at="2026-04-29T14:25:37 IST" duration-ms="255" status="PASS">
          <reporter-output>
          </reporter-output>
        </test-method> <!-- close -->
      </class> <!-- com.tests.LoginTest -->
    </test> <!-- Test -->
  </suite> <!-- Suite -->
</testng-results>
