<?xml version="1.0" encoding="UTF-8"?>
<!-- Generated by org.testng.reporters.JUnitReportReporter -->
<testsuite hostname="Shobana" failures="0" tests="3" name="com.tests.LoginTest" time="17.369" errors="0" timestamp="2026-04-28T19:42:33 IST" skipped="0">
  <testcase classname="com.tests.LoginTest" name="validLogin" time="6.128"/>
  <testcase classname="com.tests.LoginTest" name="invalidLogin" time="6.195"/>
  <testcase classname="com.tests.LoginTest" name="loginTest" time="5.046"/>
</testsuite> <!-- com.tests.LoginTest -->
