<?xml version="1.0" encoding="UTF-8"?>
<!-- Generated by org.testng.reporters.JUnitXMLReporter -->
<testsuite ignored="0" hostname="Shobana" failures="2" tests="3" name="Test" time="4.843" errors="0" timestamp="2026-04-21T23:34:40 IST">
  <testcase classname="com.test.LoginTest" name="Search" time="1.889"/>
  <testcase classname="com.test.LoginTest" name="invalidLogin" time="0.0">
    <failure type="org.testng.TestNGException" message="
Method public void com.test.LoginTest.invalidLogin(java.lang.String,java.lang.String) requires a @DataProvider named : InValidLoginData in class com.utilities.DataProvider_Task">
      <![CDATA[org.testng.TestNGException: 
Method public void com.test.LoginTest.invalidLogin(java.lang.String,java.lang.String) requires a @DataProvider named : InValidLoginData in class com.utilities.DataProvider_Task
at java.base/java.util.ArrayList.forEach(ArrayList.java:1597)
... Removed 24 stack frames]]>
    </failure>
  </testcase> <!-- invalidLogin -->
  <testcase classname="com.test.LoginTest" name="validLogin" time="0.0">
    <failure type="org.testng.TestNGException" message="
Method public void com.test.LoginTest.validLogin(java.lang.String,java.lang.String) requires a @DataProvider named : ValidLoginData in class com.utilities.DataProvider_Task">
      <![CDATA[org.testng.TestNGException: 
Method public void com.test.LoginTest.validLogin(java.lang.String,java.lang.String) requires a @DataProvider named : ValidLoginData in class com.utilities.DataProvider_Task
at java.base/java.util.ArrayList.forEach(ArrayList.java:1597)
... Removed 24 stack frames]]>
    </failure>
  </testcase> <!-- validLogin -->
</testsuite> <!-- Test -->
