<?xml version="1.0" encoding="UTF-8"?>
<!-- Generated by org.testng.reporters.JUnitXMLReporter -->
<testsuite ignored="0" hostname="Shobana" failures="0" tests="3" name="Test" time="17.814" errors="0" timestamp="2026-04-22T16:01:39 IST">
  <testcase classname="com.test.TutorialsNinjaTest" name="Search" time="1.65"/>
  <testcase classname="com.test.TutorialsNinjaTest" name="invalidLogin" time="3.596"/>
  <testcase classname="com.test.TutorialsNinjaTest" name="validLogin" time="3.419"/>
</testsuite> <!-- Test -->
