<?xml version="1.0" encoding="UTF-8"?>
<testng-results ignored="0" total="4" passed="4" failed="0" skipped="0">
  <reporter-output>
  </reporter-output>
  <suite started-at="2026-04-28T19:42:09 IST" name="Suite" finished-at="2026-04-28T19:42:33 IST" duration-ms="24540">
    <groups>
    </groups>
    <test started-at="2026-04-28T19:42:09 IST" name="Test" finished-at="2026-04-28T19:42:33 IST" duration-ms="24540">
      <class name="com.tests.DashboardTest">
        <test-method is-config="true" signature="setup()[pri:0, instance:com.tests.DashboardTest@2250b9f2]" started-at="2026-04-28T19:42:27 IST" name="setup" finished-at="2026-04-28T19:42:31 IST" duration-ms="3796" status="PASS">
          <reporter-output>
          </reporter-output>
        </test-method> <!-- setup -->
        <test-method signature="dashboardTest()[pri:0, instance:com.tests.DashboardTest@2250b9f2]" started-at="2026-04-28T19:42:31 IST" name="dashboardTest" finished-at="2026-04-28T19:42:33 IST" duration-ms="2309" status="PASS">
          <reporter-output>
          </reporter-output>
        </test-method> <!-- dashboardTest -->
        <test-method is-config="true" signature="close()[pri:0, instance:com.tests.DashboardTest@2250b9f2]" started-at="2026-04-28T19:42:33 IST" name="close" finished-at="2026-04-28T19:42:33 IST" duration-ms="197" status="PASS">
          <reporter-output>
          </reporter-output>
        </test-method> <!-- close -->
      </class> <!-- com.tests.DashboardTest -->
      <class name="com.tests.LoginTest">
        <test-method is-config="true" signature="setup()[pri:0, instance:com.tests.LoginTest@2ea6e30c]" started-at="2026-04-28T19:42:09 IST" name="setup" finished-at="2026-04-28T19:42:14 IST" duration-ms="4279" status="PASS">
          <reporter-output>
          </reporter-output>
        </test-method> <!-- setup -->
        <test-method is-config="true" signature="initPage()[pri:0, instance:com.tests.LoginTest@2ea6e30c]" started-at="2026-04-28T19:42:14 IST" name="initPage" finished-at="2026-04-28T19:42:14 IST" duration-ms="23" status="PASS">
          <reporter-output>
          </reporter-output>
        </test-method> <!-- initPage -->
        <test-method signature="invalidLogin(java.lang.String,java.lang.String)[pri:0, instance:com.tests.LoginTest@2ea6e30c]" started-at="2026-04-28T19:42:14 IST" name="invalidLogin" data-provider="InValidData" finished-at="2026-04-28T19:42:16 IST" duration-ms="1976" status="PASS">
          <params>
            <param index="0">
              <value>
                <![CDATA[Admin]]>
              </value>
            </param>
            <param index="1">
              <value>
                <![CDATA[admin]]>
              </value>
            </param>
          </params>
          <reporter-output>
          </reporter-output>
        </test-method> <!-- invalidLogin -->
        <test-method is-config="true" signature="close()[pri:0, instance:com.tests.LoginTest@2ea6e30c]" started-at="2026-04-28T19:42:16 IST" name="close" finished-at="2026-04-28T19:42:16 IST" duration-ms="195" status="PASS">
          <reporter-output>
          </reporter-output>
        </test-method> <!-- close -->
        <test-method is-config="true" signature="setup()[pri:0, instance:com.tests.LoginTest@2ea6e30c]" started-at="2026-04-28T19:42:16 IST" name="setup" finished-at="2026-04-28T19:42:20 IST" duration-ms="3735" status="PASS">
          <reporter-output>
          </reporter-output>
        </test-method> <!-- setup -->
        <test-method is-config="true" signature="initPage()[pri:0, instance:com.tests.LoginTest@2ea6e30c]" started-at="2026-04-28T19:42:20 IST" name="initPage" finished-at="2026-04-28T19:42:20 IST" duration-ms="1" status="PASS">
          <reporter-output>
          </reporter-output>
        </test-method> <!-- initPage -->
        <test-method signature="loginTest()[pri:0, instance:com.tests.LoginTest@2ea6e30c]" started-at="2026-04-28T19:42:20 IST" name="loginTest" finished-at="2026-04-28T19:42:20 IST" duration-ms="592" status="PASS">
          <reporter-output>
          </reporter-output>
        </test-method> <!-- loginTest -->
        <test-method is-config="true" signature="close()[pri:0, instance:com.tests.LoginTest@2ea6e30c]" started-at="2026-04-28T19:42:20 IST" name="close" finished-at="2026-04-28T19:42:20 IST" duration-ms="174" status="PASS">
          <reporter-output>
          </reporter-output>
        </test-method> <!-- close -->
        <test-method is-config="true" signature="setup()[pri:0, instance:com.tests.LoginTest@2ea6e30c]" started-at="2026-04-28T19:42:20 IST" name="setup" finished-at="2026-04-28T19:42:24 IST" duration-ms="4023" status="PASS">
          <reporter-output>
          </reporter-output>
        </test-method> <!-- setup -->
        <test-method is-config="true" signature="initPage()[pri:0, instance:com.tests.LoginTest@2ea6e30c]" started-at="2026-04-28T19:42:24 IST" name="initPage" finished-at="2026-04-28T19:42:24 IST" duration-ms="1" status="PASS">
          <reporter-output>
          </reporter-output>
        </test-method> <!-- initPage -->
        <test-method signature="validLogin(java.lang.String,java.lang.String)[pri:0, instance:com.tests.LoginTest@2ea6e30c]" started-at="2026-04-28T19:42:24 IST" name="validLogin" data-provider="ValidData" finished-at="2026-04-28T19:42:27 IST" duration-ms="2200" status="PASS">
          <params>
            <param index="0">
              <value>
                <![CDATA[Admin]]>
              </value>
            </param>
            <param index="1">
              <value>
                <![CDATA[admin123]]>
              </value>
            </param>
          </params>
          <reporter-output>
          </reporter-output>
        </test-method> <!-- validLogin -->
        <test-method is-config="true" signature="close()[pri:0, instance:com.tests.LoginTest@2ea6e30c]" started-at="2026-04-28T19:42:27 IST" name="close" finished-at="2026-04-28T19:42:27 IST" duration-ms="170" status="PASS">
          <reporter-output>
          </reporter-output>
        </test-method> <!-- close -->
      </class> <!-- com.tests.LoginTest -->
    </test> <!-- Test -->
  </suite> <!-- Suite -->
</testng-results>
