<?xml version="1.0" encoding="UTF-8"?>
<testng-results ignored="0" total="3" passed="2" failed="1" skipped="0">
  <reporter-output>
  </reporter-output>
  <suite started-at="2026-04-28T10:23:21 IST" name="Default suite" finished-at="2026-04-28T10:23:31 IST" duration-ms="10080">
    <groups>
    </groups>
    <test started-at="2026-04-28T10:23:21 IST" name="Default test" finished-at="2026-04-28T10:23:31 IST" duration-ms="10080">
      <class name="com.test.TutorialsNinjaTest">
        <test-method signature="Search(java.lang.String,java.lang.String)[pri:0, instance:com.test.TutorialsNinjaTest@302552ec]" started-at="2026-04-28T10:23:21 IST" name="Search" finished-at="2026-04-28T10:23:21 IST" duration-ms="0" status="FAIL">
          <exception class="org.testng.TestNGException">
            <message>
              <![CDATA[
Parameter 'url' is required by @Test on method Search but has not been marked @Optional or defined
in C:\Users\Hp\AppData\Local\Temp\testng-eclipse-604125110\testng-customsuite.xml]]>
            </message>
            <full-stacktrace>
              <![CDATA[org.testng.TestNGException: 
Parameter 'url' is required by @Test on method Search but has not been marked @Optional or defined
in C:\Users\Hp\AppData\Local\Temp\testng-eclipse-604125110\testng-customsuite.xml
at org.testng.internal.Parameters.createParams(Parameters.java:264)
at org.testng.internal.Parameters.createParametersForMethod(Parameters.java:352)
at org.testng.internal.Parameters.createParameters(Parameters.java:690)
at org.testng.internal.Parameters.handleParameters(Parameters.java:885)
at org.testng.internal.Parameters.handleParameters(Parameters.java:734)
at org.testng.internal.invokers.ParameterHandler.handleParameters(ParameterHandler.java:72)
at org.testng.internal.invokers.ParameterHandler.createParameters(ParameterHandler.java:51)
at org.testng.internal.invokers.TestInvoker$MethodInvocationAgent.invoke(TestInvoker.java:959)
at org.testng.internal.invokers.TestInvoker.invokeTestMethods(TestInvoker.java:203)
at org.testng.internal.invokers.TestMethodWorker.invokeTestMethods(TestMethodWorker.java:154)
at org.testng.internal.invokers.TestMethodWorker.run(TestMethodWorker.java:134)
at java.base/java.util.ArrayList.forEach(ArrayList.java:1597)
at org.testng.TestRunner.privateRun(TestRunner.java:744)
at org.testng.TestRunner.run(TestRunner.java:616)
at org.testng.SuiteRunner.runTest(SuiteRunner.java:421)
at org.testng.SuiteRunner.runSequentially(SuiteRunner.java:413)
at org.testng.SuiteRunner.privateRun(SuiteRunner.java:373)
at org.testng.SuiteRunner.run(SuiteRunner.java:312)
at org.testng.SuiteRunnerWorker.runSuite(SuiteRunnerWorker.java:52)
at org.testng.SuiteRunnerWorker.run(SuiteRunnerWorker.java:95)
at org.testng.TestNG.runSuitesSequentially(TestNG.java:1274)
at org.testng.TestNG.runSuitesLocally(TestNG.java:1208)
at org.testng.TestNG.runSuites(TestNG.java:1112)
at org.testng.TestNG.run(TestNG.java:1079)
at org.testng.remote.AbstractRemoteTestNG.run(AbstractRemoteTestNG.java:115)
at org.testng.remote.RemoteTestNG.initAndRun(RemoteTestNG.java:293)
at org.testng.remote.RemoteTestNG.main(RemoteTestNG.java:91)
]]>
            </full-stacktrace>
          </exception> <!-- org.testng.TestNGException -->
          <reporter-output>
          </reporter-output>
        </test-method> <!-- Search -->
        <test-method is-config="true" signature="beforeMethod()[pri:0, instance:com.test.TutorialsNinjaTest@302552ec]" started-at="2026-04-28T10:23:22 IST" name="beforeMethod" finished-at="2026-04-28T10:23:24 IST" duration-ms="1659" status="PASS">
          <reporter-output>
          </reporter-output>
        </test-method> <!-- beforeMethod -->
        <test-method signature="invalidLogin(java.lang.String,java.lang.String)[pri:0, instance:com.test.TutorialsNinjaTest@302552ec]" started-at="2026-04-28T10:23:24 IST" name="invalidLogin" data-provider="InValidexcelData" finished-at="2026-04-28T10:23:27 IST" duration-ms="2799" status="PASS">
          <params>
            <param index="0">
              <value>
                <![CDATA[2k22ece089@kio.ac.in]]>
              </value>
            </param>
            <param index="1">
              <value>
                <![CDATA[abc]]>
              </value>
            </param>
          </params>
          <reporter-output>
          </reporter-output>
        </test-method> <!-- invalidLogin -->
        <test-method is-config="true" signature="afterMethod()[pri:0, instance:com.test.TutorialsNinjaTest@302552ec]" started-at="2026-04-28T10:23:27 IST" name="afterMethod" finished-at="2026-04-28T10:23:27 IST" duration-ms="180" status="PASS">
          <reporter-output>
          </reporter-output>
        </test-method> <!-- afterMethod -->
        <test-method is-config="true" signature="beforeMethod()[pri:0, instance:com.test.TutorialsNinjaTest@302552ec]" started-at="2026-04-28T10:23:27 IST" name="beforeMethod" finished-at="2026-04-28T10:23:28 IST" duration-ms="778" status="PASS">
          <reporter-output>
          </reporter-output>
        </test-method> <!-- beforeMethod -->
        <test-method signature="validLogin(java.lang.String,java.lang.String)[pri:0, instance:com.test.TutorialsNinjaTest@302552ec]" started-at="2026-04-28T10:23:28 IST" name="validLogin" data-provider="ValidexcelData" finished-at="2026-04-28T10:23:31 IST" duration-ms="3362" status="PASS">
          <params>
            <param index="0">
              <value>
                <![CDATA[2k22ece089@kiot.ac.in]]>
              </value>
            </param>
            <param index="1">
              <value>
                <![CDATA[shobi11]]>
              </value>
            </param>
          </params>
          <reporter-output>
          </reporter-output>
        </test-method> <!-- validLogin -->
        <test-method is-config="true" signature="afterMethod()[pri:0, instance:com.test.TutorialsNinjaTest@302552ec]" started-at="2026-04-28T10:23:31 IST" name="afterMethod" finished-at="2026-04-28T10:23:31 IST" duration-ms="139" status="PASS">
          <reporter-output>
          </reporter-output>
        </test-method> <!-- afterMethod -->
      </class> <!-- com.test.TutorialsNinjaTest -->
    </test> <!-- Default test -->
  </suite> <!-- Default suite -->
</testng-results>
