<?xml version="1.0" encoding="UTF-8"?>
<testng-results ignored="0" total="3" passed="3" failed="0" skipped="0">
  <reporter-output>
  </reporter-output>
  <suite started-at="2026-04-21T23:10:09 IST" name="Suite" finished-at="2026-04-21T23:10:28 IST" duration-ms="18852">
    <groups>
    </groups>
    <test started-at="2026-04-21T23:10:09 IST" name="Test" finished-at="2026-04-21T23:10:28 IST" duration-ms="18852">
      <class name="com.testing.ParameterizationDemo">
        <test-method is-config="true" signature="beforeTest(java.lang.String,java.lang.String)[pri:0, instance:com.testing.ParameterizationDemo@9d5509a]" started-at="2026-04-21T23:10:10 IST" name="beforeTest" finished-at="2026-04-21T23:10:14 IST" duration-ms="4213" status="PASS">
          <params>
            <param index="0">
              <value>
                <![CDATA[chrome]]>
              </value>
            </param>
            <param index="1">
              <value>
                <![CDATA[https://www.demoblaze.com/]]>
              </value>
            </param>
          </params>
          <reporter-output>
          </reporter-output>
        </test-method> <!-- beforeTest -->
        <test-method signature="validLogin(java.lang.String,java.lang.String)[pri:1, instance:com.testing.ParameterizationDemo@9d5509a]" started-at="2026-04-21T23:10:14 IST" name="validLogin" finished-at="2026-04-21T23:10:18 IST" duration-ms="3747" status="PASS">
          <params>
            <param index="0">
              <value>
                <![CDATA[Shobs]]>
              </value>
            </param>
            <param index="1">
              <value>
                <![CDATA[shobi11]]>
              </value>
            </param>
          </params>
          <reporter-output>
          </reporter-output>
        </test-method> <!-- validLogin -->
        <test-method is-config="true" signature="afterTest()[pri:0, instance:com.testing.ParameterizationDemo@9d5509a]" started-at="2026-04-21T23:10:18 IST" name="afterTest" finished-at="2026-04-21T23:10:18 IST" duration-ms="298" status="PASS">
          <reporter-output>
          </reporter-output>
        </test-method> <!-- afterTest -->
        <test-method is-config="true" signature="beforeTest(java.lang.String,java.lang.String)[pri:0, instance:com.testing.ParameterizationDemo@9d5509a]" started-at="2026-04-21T23:10:18 IST" name="beforeTest" finished-at="2026-04-21T23:10:21 IST" duration-ms="3069" status="PASS">
          <params>
            <param index="0">
              <value>
                <![CDATA[chrome]]>
              </value>
            </param>
            <param index="1">
              <value>
                <![CDATA[https://www.demoblaze.com/]]>
              </value>
            </param>
          </params>
          <reporter-output>
          </reporter-output>
        </test-method> <!-- beforeTest -->
        <test-method signature="invalidUsername(java.lang.String,java.lang.String)[pri:2, instance:com.testing.ParameterizationDemo@9d5509a]" started-at="2026-04-21T23:10:21 IST" name="invalidUsername" finished-at="2026-04-21T23:10:23 IST" duration-ms="1942" status="PASS">
          <params>
            <param index="0">
              <value>
                <![CDATA[Shob]]>
              </value>
            </param>
            <param index="1">
              <value>
                <![CDATA[shobi11]]>
              </value>
            </param>
          </params>
          <reporter-output>
          </reporter-output>
        </test-method> <!-- invalidUsername -->
        <test-method is-config="true" signature="afterTest()[pri:0, instance:com.testing.ParameterizationDemo@9d5509a]" started-at="2026-04-21T23:10:23 IST" name="afterTest" finished-at="2026-04-21T23:10:23 IST" duration-ms="305" status="PASS">
          <reporter-output>
          </reporter-output>
        </test-method> <!-- afterTest -->
        <test-method is-config="true" signature="beforeTest(java.lang.String,java.lang.String)[pri:0, instance:com.testing.ParameterizationDemo@9d5509a]" started-at="2026-04-21T23:10:23 IST" name="beforeTest" finished-at="2026-04-21T23:10:26 IST" duration-ms="2966" status="PASS">
          <params>
            <param index="0">
              <value>
                <![CDATA[chrome]]>
              </value>
            </param>
            <param index="1">
              <value>
                <![CDATA[https://www.demoblaze.com/]]>
              </value>
            </param>
          </params>
          <reporter-output>
          </reporter-output>
        </test-method> <!-- beforeTest -->
        <test-method signature="invalidLoginWrongPassword(java.lang.String,java.lang.String)[pri:3, instance:com.testing.ParameterizationDemo@9d5509a]" started-at="2026-04-21T23:10:26 IST" name="invalidLoginWrongPassword" finished-at="2026-04-21T23:10:28 IST" duration-ms="1878" status="PASS">
          <params>
            <param index="0">
              <value>
                <![CDATA[Shobs]]>
              </value>
            </param>
            <param index="1">
              <value>
                <![CDATA[shobi123]]>
              </value>
            </param>
          </params>
          <reporter-output>
          </reporter-output>
        </test-method> <!-- invalidLoginWrongPassword -->
        <test-method is-config="true" signature="afterTest()[pri:0, instance:com.testing.ParameterizationDemo@9d5509a]" started-at="2026-04-21T23:10:28 IST" name="afterTest" finished-at="2026-04-21T23:10:28 IST" duration-ms="272" status="PASS">
          <reporter-output>
          </reporter-output>
        </test-method> <!-- afterTest -->
      </class> <!-- com.testing.ParameterizationDemo -->
    </test> <!-- Test -->
  </suite> <!-- Suite -->
</testng-results>
