<?xml version="1.0" encoding="UTF-8"?>
<!-- Generated by org.testng.reporters.JUnitXMLReporter -->
<testsuite ignored="0" hostname="Shobana" failures="0" tests="4" name="Test" time="24.54" errors="0" timestamp="2026-04-28T19:42:33 IST">
  <testcase classname="com.tests.LoginTest" name="invalidLogin" time="1.976"/>
  <testcase classname="com.tests.LoginTest" name="loginTest" time="0.592"/>
  <testcase classname="com.tests.LoginTest" name="validLogin" time="2.2"/>
  <testcase classname="com.tests.DashboardTest" name="dashboardTest" time="2.309"/>
</testsuite> <!-- Test -->
